build/app/outputs/mapping/release/seeds.txt
com.XsedoX.iot_project.MainActivity
com.XsedoX.iot_project.MainActivity: MainActivity()
...
androidx.constraintlayout.core.widgets.analyzer.WidgetRun$RunType: androidx.constraintlayout.core.widgets.analyzer.WidgetRun$RunType[] values()
com.google.android.material.chip.Chip: void setChipIconTint(android.content.res.ColorStateList)
androidx.work.WorkManager$UpdateResult: androidx.work.WorkManager$UpdateResult[] values()
com.google.android.material.internal.ForegroundLinearLayout: void setForeground(android.graphics.drawable.Drawable)
androidx.core.view.ViewCompat$Api28Impl: void removeOnUnhandledKeyEventListener(android.view.View,androidx.core.view.ViewCompat$OnUnhandledKeyEventListenerCompat)
me.zhanghai.android.materialprogressbar.internal.ObjectAnimatorCompatBase: android.animation.ObjectAnimator ofFloat(java.lang.Object,android.util.Property,android.util.Property,android.graphics.Path)
com.google.android.material.chip.Chip: android.graphics.Rect getCloseIconTouchBoundsInt()
io.flutter.plugin.editing.TextInputPlugin$InputTarget$Type: io.flutter.plugin.editing.TextInputPlugin$InputTarget$Type valueOf(java.lang.String)
me.zhanghai.android.materialprogressbar.internal.ObjectAnimatorCompatLollipop: ObjectAnimatorCompatLollipop()
com.google.android.material.button.MaterialButton: void setBackground(android.graphics.drawable.Drawable)
com.google.android.material.chip.Chip: void setCloseIconEnabledResource(int)
me.zhanghai.android.materialprogressbar.MaterialProgressBar: void setProgressTintMode(android.graphics.PorterDuff$Mode)
io.flutter.plugin.editing.ImeSyncDeferringInsetsCallback: android.view.View access$400(io.flutter.plugin.editing.ImeSyncDeferringInsetsCallback)
androidx.lifecycle.ReportFragment$LifecycleCallbacks: void onActivityPrePaused(android.app.Activity)
androidx.core.view.ViewGroupCompat$Api21Impl: int getNestedScrollAxes(android.view.ViewGroup)
androidx.appcompat.widget.Toolbar: android.graphics.drawable.Drawable getNavigationIcon()
androidx.core.view.DisplayCutoutCompat$Api28Impl: int getSafeInsetBottom(android.view.DisplayCutout)
io.flutter.plugin.editing.ImeSyncDeferringInsetsCallback: void remove()
com.google.android.material.textfield.TextInputLayout: android.widget.EditText getEditText()
io.flutter.plugin.editing.ImeSyncDeferringInsetsCallback$AnimationCallback: android.view.WindowInsets onProgress(android.view.WindowInsets,java.util.List)
androidx.core.widget.TextViewCompat$Api23Impl: int getHyphenationFrequency(android.widget.TextView)
com.afollestad.materialdialogs.MaterialDialog$ListType: com.afollestad.materialdialogs.MaterialDialog$ListType[] values()
me.zhanghai.android.materialprogressbar.CircularProgressDrawable: void setShowBackground(boolean)
androidx.appcompat.widget.SearchView: void setSearchableInfo(android.app.SearchableInfo)
androidx.window.layout.adapter.sidecar.DistinctElementSidecarCallback: void onDeviceStateChanged(androidx.window.sidecar.SidecarDeviceState)
androidx.core.view.accessibility.AccessibilityNodeInfoCompat$Api34Impl: void getBoundsInWindow(android.view.accessibility.AccessibilityNodeInfo,android.graphics.Rect)
androidx.core.view.ViewCompat$Api20Impl: android.view.WindowInsets dispatchApplyWindowInsets(android.view.View,android.view.WindowInsets)
io.flutter.embedding.engine.FlutterOverlaySurface: FlutterOverlaySurface(int,android.view.Surface)
androidx.core.view.ViewCompat$Api29Impl: void setContentCaptureSession(android.view.View,androidx.core.view.contentcapture.ContentCaptureSessionCompat)
com.google.android.material.floatingactionbutton.FloatingActionButton$Behavior: FloatingActionButton$Behavior(android.content.Context,android.util.AttributeSet)
androidx.core.view.MenuItemCompat$Api26Impl: android.view.MenuItem setAlphabeticShortcut(android.view.MenuItem,char,int)
kotlinx.coroutines.CoroutineStart: kotlinx.coroutines.CoroutineStart valueOf(java.lang.String)
androidx.core.view.WindowInsetsCompat$Impl: WindowInsetsCompat$Impl(androidx.core.view.WindowInsetsCompat)